<?xml version="1.0" encoding="UTF-8" ?>
<testsuite tests="88" failures="0" name="com.webapp.redsocial.RunTest" time="0.046" errors="0" skipped="0">
  <properties>
[...]
</properties>
  <testcase classname="Given Usuario conectado para eliminar un amigo                          " name="Given Usuario conectado para eliminar un amigo                          " time="0"/>
  <testcase classname="When &quot;emisor@hotmail.com&quot; borra a  &quot;receptor@hotmail.com&quot;                           " name="When &quot;emisor@hotmail.com&quot; borra a  &quot;receptor@hotmail.com&quot;                           " time="0"/>
  <testcase classname="Then Borrar de amigos                            " name="Then Borrar de amigos                            " time="0.015"/>
  <testcase classname="| &quot;emisor@hotmail.com&quot; | &quot;receptor@hotmail.com&quot; |                         " name="| &quot;emisor@hotmail.com&quot; | &quot;receptor@hotmail.com&quot; |                         " time="0.015"/>
  <testcase classname="Given Usuario conectado para eliminar un amigo                              " name="Given Usuario conectado para eliminar un amigo                              " time="0"/>
  <testcase classname="When &quot;emisor2@hotmail.com&quot; borra a  &quot;receptor2@hotmail.com&quot;                               " name="When &quot;emisor2@hotmail.com&quot; borra a  &quot;receptor2@hotmail.com&quot;                               " time="0"/>
  <testcase classname="Then Borrar de amigos                                " name="Then Borrar de amigos                                " time="0"/>
  <testcase classname="| &quot;emisor2@hotmail.com&quot; | &quot;receptor2@hotmail.com&quot; |                             " name="| &quot;emisor2@hotmail.com&quot; | &quot;receptor2@hotmail.com&quot; |                             " time="0"/>
  <testcase classname="Given Usuario conectado para eliminar un amigo                                    " name="Given Usuario conectado para eliminar un amigo                                    " time="0"/>
  <testcase classname="When &quot;emisor@hotmail.com&quot; intenta borrar a &quot;receptor@hotmail.com&quot; pero no son amigos                                     " name="When &quot;emisor@hotmail.com&quot; intenta borrar a &quot;receptor@hotmail.com&quot; pero no son amigos                                     " time="0"/>
  <testcase classname="Then Mensaje de error al borrado                                      " name="Then Mensaje de error al borrado                                      " time="0"/>
  <testcase classname="| &quot;emisor@hotmail.com&quot; | &quot;receptor@hotmail.com&quot; |                                   " name="| &quot;emisor@hotmail.com&quot; | &quot;receptor@hotmail.com&quot; |                                   " time="0"/>
  <testcase classname="Given Usuario conectado para eliminar un amigo                                        " name="Given Usuario conectado para eliminar un amigo                                        " time="0"/>
  <testcase classname="When &quot;emisor2@hotmail.com&quot; intenta borrar a &quot;receptor2@hotmail.com&quot; pero no son amigos                                         " name="When &quot;emisor2@hotmail.com&quot; intenta borrar a &quot;receptor2@hotmail.com&quot; pero no son amigos                                         " time="0"/>
  <testcase classname="Then Mensaje de error al borrado                                          " name="Then Mensaje de error al borrado                                          " time="0"/>
  <testcase classname="| &quot;emisor2@hotmail.com&quot; | &quot;receptor2@hotmail.com&quot; |                                       " name="| &quot;emisor2@hotmail.com&quot; | &quot;receptor2@hotmail.com&quot; |                                       " time="0"/>
  <testcase classname="Given Un usuario y password para login     " name="Given Un usuario y password para login     " time="0"/>
  <testcase classname="When &quot;asdf@gmail.com&quot;  y &quot;1234&quot; se quiere loguear      " name="When &quot;asdf@gmail.com&quot;  y &quot;1234&quot; se quiere loguear      " time="0"/>
  <testcase classname="Then se loguea correctamente       " name="Then se loguea correctamente       " time="0"/>
  <testcase classname="| &quot;asdf@gmail.com&quot; | &quot;1234&quot; |    " name="| &quot;asdf@gmail.com&quot; | &quot;1234&quot; |    " time="0"/>
  <testcase classname="Given Un usuario y password para login         " name="Given Un usuario y password para login         " time="0"/>
  <testcase classname="When &quot;fernycozar@hotmail.com&quot;  y &quot;supersecreto&quot; se quiere loguear          " name="When &quot;fernycozar@hotmail.com&quot;  y &quot;supersecreto&quot; se quiere loguear          " time="0"/>
  <testcase classname="Then se loguea correctamente           " name="Then se loguea correctamente           " time="0"/>
  <testcase classname="| &quot;fernycozar@hotmail.com&quot; | &quot;supersecreto&quot; |        " name="| &quot;fernycozar@hotmail.com&quot; | &quot;supersecreto&quot; |        " time="0"/>
  <testcase classname="Given Un usuario y password para login               " name="Given Un usuario y password para login               " time="0"/>
  <testcase classname="When &quot;meloinvento		&quot;  y &quot;1asdfasdf4&quot; se quiere loguear                " name="When &quot;meloinvento		&quot;  y &quot;1asdfasdf4&quot; se quiere loguear                " time="0"/>
  <testcase classname="Then no consigue loguearse                 " name="Then no consigue loguearse                 " time="0"/>
  <testcase classname="| &quot;meloinvento		&quot; | &quot;1asdfasdf4&quot; |              " name="| &quot;meloinvento		&quot; | &quot;1asdfasdf4&quot; |              " time="0"/>
  <testcase classname="Given Un usuario y password para login                   " name="Given Un usuario y password para login                   " time="0"/>
  <testcase classname="When &quot;fasdfasdfasdfasdfasdfa&quot;  y &quot;asdfasdfasdfasdf&quot; se quiere loguear                    " name="When &quot;fasdfasdfasdfasdfasdfa&quot;  y &quot;asdfasdfasdfasdf&quot; se quiere loguear                    " time="0"/>
  <testcase classname="Then no consigue loguearse                     " name="Then no consigue loguearse                     " time="0"/>
  <testcase classname="| &quot;fasdfasdfasdfasdfasdfa&quot; | &quot;asdfasdfasdfasdf&quot; |                  " name="| &quot;fasdfasdfasdfasdfasdfa&quot; | &quot;asdfasdfasdfasdf&quot; |                  " time="0"/>
  <testcase classname="Given Usuario conectado para aceptar                                               " name="Given Usuario conectado para aceptar                                               " time="0"/>
  <testcase classname="When &quot;emisor@hotmail.com&quot; es aceptado por &quot;receptor@hotmail.com&quot;                                                " name="When &quot;emisor@hotmail.com&quot; es aceptado por &quot;receptor@hotmail.com&quot;                                                " time="0"/>
  <testcase classname="Then Aceptar como amigo                                                 " name="Then Aceptar como amigo                                                 " time="0"/>
  <testcase classname="| &quot;emisor@hotmail.com&quot; | &quot;receptor@hotmail.com&quot; |                                              " name="| &quot;emisor@hotmail.com&quot; | &quot;receptor@hotmail.com&quot; |                                              " time="0"/>
  <testcase classname="Given Usuario conectado para aceptar                                                   " name="Given Usuario conectado para aceptar                                                   " time="0"/>
  <testcase classname="When &quot;emisor2@hotmail.com&quot; es aceptado por &quot;receptor2@hotmail.com&quot;                                                    " name="When &quot;emisor2@hotmail.com&quot; es aceptado por &quot;receptor2@hotmail.com&quot;                                                    " time="0"/>
  <testcase classname="Then Aceptar como amigo                                                     " name="Then Aceptar como amigo                                                     " time="0"/>
  <testcase classname="| &quot;emisor2@hotmail.com&quot; | &quot;receptor2@hotmail.com&quot; |                                                  " name="| &quot;emisor2@hotmail.com&quot; | &quot;receptor2@hotmail.com&quot; |                                                  " time="0"/>
  <testcase classname="Given Usuario conectado para aceptar                                                         " name="Given Usuario conectado para aceptar                                                         " time="0"/>
  <testcase classname="When &quot;emisor@hotmail.com&quot; es aceptado por &quot;receptor@hotmail.com&quot; pero da error por no envio de solicitud                                                          " name="When &quot;emisor@hotmail.com&quot; es aceptado por &quot;receptor@hotmail.com&quot; pero da error por no envio de solicitud                                                          " time="0"/>
  <testcase classname="Then Mensaje de error a la aceptacion                                                           " name="Then Mensaje de error a la aceptacion                                                           " time="0"/>
  <testcase classname="| &quot;emisor@hotmail.com&quot; | &quot;receptor@hotmail.com&quot; |                                                        " name="| &quot;emisor@hotmail.com&quot; | &quot;receptor@hotmail.com&quot; |                                                        " time="0"/>
  <testcase classname="Given Usuario conectado para aceptar                                                             " name="Given Usuario conectado para aceptar                                                             " time="0"/>
  <testcase classname="When &quot;emisor2@hotmail.com&quot; es aceptado por &quot;receptor2@hotmail.com&quot; pero da error por no envio de solicitud                                                              " name="When &quot;emisor2@hotmail.com&quot; es aceptado por &quot;receptor2@hotmail.com&quot; pero da error por no envio de solicitud                                                              " time="0"/>
  <testcase classname="Then Mensaje de error a la aceptacion                                                               " name="Then Mensaje de error a la aceptacion                                                               " time="0"/>
  <testcase classname="| &quot;emisor2@hotmail.com&quot; | &quot;receptor2@hotmail.com&quot; |                                                            " name="| &quot;emisor2@hotmail.com&quot; | &quot;receptor2@hotmail.com&quot; |                                                            " time="0"/>
  <testcase classname="Given Usuario conectado para enviar solicitud                                                                    " name="Given Usuario conectado para enviar solicitud                                                                    " time="0"/>
  <testcase classname="When &quot;emisor@hotmail.com&quot; quiere enviar solicitud a &quot;receptor@hotmail.com&quot;                                                                     " name="When &quot;emisor@hotmail.com&quot; quiere enviar solicitud a &quot;receptor@hotmail.com&quot;                                                                     " time="0"/>
  <testcase classname="Then Envio solicitud al segundo                                                                      " name="Then Envio solicitud al segundo                                                                      " time="0"/>
  <testcase classname="| &quot;emisor@hotmail.com&quot; | &quot;receptor@hotmail.com&quot; |                                                                   " name="| &quot;emisor@hotmail.com&quot; | &quot;receptor@hotmail.com&quot; |                                                                   " time="0"/>
  <testcase classname="Given Usuario conectado para enviar solicitud                                                                        " name="Given Usuario conectado para enviar solicitud                                                                        " time="0"/>
  <testcase classname="When &quot;emisor2@hotmail.com&quot; quiere enviar solicitud a &quot;receptor2@hotmail.com&quot;                                                                         " name="When &quot;emisor2@hotmail.com&quot; quiere enviar solicitud a &quot;receptor2@hotmail.com&quot;                                                                         " time="0"/>
  <testcase classname="Then Envio solicitud al segundo                                                                          " name="Then Envio solicitud al segundo                                                                          " time="0"/>
  <testcase classname="| &quot;emisor2@hotmail.com&quot; | &quot;receptor2@hotmail.com&quot; |                                                                       " name="| &quot;emisor2@hotmail.com&quot; | &quot;receptor2@hotmail.com&quot; |                                                                       " time="0"/>
  <testcase classname="Given Usuario conectado para enviar solicitud                                                                              " name="Given Usuario conectado para enviar solicitud                                                                              " time="0"/>
  <testcase classname="When &quot;emisor@hotmail.com&quot; quiere enviar solicitud a &quot;receptor@hotmail.com&quot; pero son amigos                                                                               " name="When &quot;emisor@hotmail.com&quot; quiere enviar solicitud a &quot;receptor@hotmail.com&quot; pero son amigos                                                                               " time="0"/>
  <testcase classname="Then No envio de solicitud                                                                                " name="Then No envio de solicitud                                                                                " time="0"/>
  <testcase classname="| &quot;emisor@hotmail.com&quot; | &quot;receptor@hotmail.com&quot; |                                                                             " name="| &quot;emisor@hotmail.com&quot; | &quot;receptor@hotmail.com&quot; |                                                                             " time="0"/>
  <testcase classname="Given Usuario conectado para enviar solicitud                                                                                  " name="Given Usuario conectado para enviar solicitud                                                                                  " time="0"/>
  <testcase classname="When &quot;emisor2@hotmail.com&quot; quiere enviar solicitud a &quot;receptor2@hotmail.com&quot; pero son amigos                                                                                   " name="When &quot;emisor2@hotmail.com&quot; quiere enviar solicitud a &quot;receptor2@hotmail.com&quot; pero son amigos                                                                                   " time="0"/>
  <testcase classname="Then No envio de solicitud                                                                                    " name="Then No envio de solicitud                                                                                    " time="0"/>
  <testcase classname="| &quot;emisor2@hotmail.com&quot; | &quot;receptor2@hotmail.com&quot; |                                                                                 " name="| &quot;emisor2@hotmail.com&quot; | &quot;receptor2@hotmail.com&quot; |                                                                                 " time="0.016"/>
  <testcase classname="Given Usuario conectado para enviar solicitud                                                                                        " name="Given Usuario conectado para enviar solicitud                                                                                        " time="0"/>
  <testcase classname="When &quot;emisor@hotmail.com&quot; quiere enviar solicitud a &quot;receptor@hotmail.com&quot; pero ya tiene solicitudes suyas                                                                                         " name="When &quot;emisor@hotmail.com&quot; quiere enviar solicitud a &quot;receptor@hotmail.com&quot; pero ya tiene solicitudes suyas                                                                                         " time="0"/>
  <testcase classname="Then Solicitud ya enviada                                                                                          " name="Then Solicitud ya enviada                                                                                          " time="0"/>
  <testcase classname="| &quot;emisor@hotmail.com&quot; | &quot;receptor@hotmail.com&quot; |                                                                                       " name="| &quot;emisor@hotmail.com&quot; | &quot;receptor@hotmail.com&quot; |                                                                                       " time="0"/>
  <testcase classname="Given Usuario conectado para enviar solicitud                                                                                            " name="Given Usuario conectado para enviar solicitud                                                                                            " time="0"/>
  <testcase classname="When &quot;emisor2@hotmail.com&quot; quiere enviar solicitud a &quot;receptor2@hotmail.com&quot; pero ya tiene solicitudes suyas                                                                                             " name="When &quot;emisor2@hotmail.com&quot; quiere enviar solicitud a &quot;receptor2@hotmail.com&quot; pero ya tiene solicitudes suyas                                                                                             " time="0"/>
  <testcase classname="Then Solicitud ya enviada                                                                                              " name="Then Solicitud ya enviada                                                                                              " time="0"/>
  <testcase classname="| &quot;emisor2@hotmail.com&quot; | &quot;receptor2@hotmail.com&quot; |                                                                                           " name="| &quot;emisor2@hotmail.com&quot; | &quot;receptor2@hotmail.com&quot; |                                                                                           " time="0"/>
  <testcase classname="Given Usuario conectado para rechazar                                                                                                   " name="Given Usuario conectado para rechazar                                                                                                   " time="0"/>
  <testcase classname="When &quot;emisor@hotmail.com&quot; es rechazado por &quot;receptor@hotmail.com&quot;                                                                                                    " name="When &quot;emisor@hotmail.com&quot; es rechazado por &quot;receptor@hotmail.com&quot;                                                                                                    " time="0"/>
  <testcase classname="Then Rechazar peticion de amistad                                                                                                     " name="Then Rechazar peticion de amistad                                                                                                     " time="0"/>
  <testcase classname="| &quot;emisor@hotmail.com&quot; | &quot;receptor@hotmail.com&quot; |                                                                                                  " name="| &quot;emisor@hotmail.com&quot; | &quot;receptor@hotmail.com&quot; |                                                                                                  " time="0"/>
  <testcase classname="Given Usuario conectado para rechazar                                                                                                       " name="Given Usuario conectado para rechazar                                                                                                       " time="0"/>
  <testcase classname="When &quot;emisor2@hotmail.com&quot; es rechazado por &quot;receptor2@hotmail.com&quot;                                                                                                        " name="When &quot;emisor2@hotmail.com&quot; es rechazado por &quot;receptor2@hotmail.com&quot;                                                                                                        " time="0"/>
  <testcase classname="Then Rechazar peticion de amistad                                                                                                         " name="Then Rechazar peticion de amistad                                                                                                         " time="0"/>
  <testcase classname="| &quot;emisor2@hotmail.com&quot; | &quot;receptor2@hotmail.com&quot; |                                                                                                      " name="| &quot;emisor2@hotmail.com&quot; | &quot;receptor2@hotmail.com&quot; |                                                                                                      " time="0"/>
  <testcase classname="Given Usuario conectado para rechazar                                                                                                             " name="Given Usuario conectado para rechazar                                                                                                             " time="0"/>
  <testcase classname="When &quot;emisor@hotmail.com&quot; es rechazado por &quot;receptor@hotmail.com&quot; pero no le habia enviado solicitud                                                                                                              " name="When &quot;emisor@hotmail.com&quot; es rechazado por &quot;receptor@hotmail.com&quot; pero no le habia enviado solicitud                                                                                                              " time="0"/>
  <testcase classname="Then Mensaje de error al rechazo de la peticion                                                                                                               " name="Then Mensaje de error al rechazo de la peticion                                                                                                               " time="0"/>
  <testcase classname="| &quot;emisor@hotmail.com&quot; | &quot;receptor@hotmail.com&quot; |                                                                                                            " name="| &quot;emisor@hotmail.com&quot; | &quot;receptor@hotmail.com&quot; |                                                                                                            " time="0"/>
  <testcase classname="Given Usuario conectado para rechazar                                                                                                                 " name="Given Usuario conectado para rechazar                                                                                                                 " time="0"/>
  <testcase classname="When &quot;emisor2@hotmail.com&quot; es rechazado por &quot;receptor2@hotmail.com&quot; pero no le habia enviado solicitud                                                                                                                  " name="When &quot;emisor2@hotmail.com&quot; es rechazado por &quot;receptor2@hotmail.com&quot; pero no le habia enviado solicitud                                                                                                                  " time="0"/>
  <testcase classname="Then Mensaje de error al rechazo de la peticion                                                                                                                   " name="Then Mensaje de error al rechazo de la peticion                                                                                                                   " time="0"/>
  <testcase classname="| &quot;emisor2@hotmail.com&quot; | &quot;receptor2@hotmail.com&quot; |                                                                                                                " name="| &quot;emisor2@hotmail.com&quot; | &quot;receptor2@hotmail.com&quot; |                                                                                                                " time="0"/>
</testsuite>